#
# A fatal error has been detected by the Java Runtime Environment:
#
#  SIGSEGV (0xb) at pc=0x000000010ba175ae, pid=12160, tid=24579
#
# JRE version: OpenJDK Runtime Environment Temurin-11.0.18+10 (11.0.18+10) (build 11.0.18+10)
# Java VM: OpenJDK 64-Bit Server VM Temurin-11.0.18+10 (11.0.18+10, mixed mode, tiered, compressed oops, g1 gc, bsd-amd64)
# Problematic frame:
# V  [libjvm.dylib+0x39f5ae]  IndexSetIterator::advance_and_next()+0x9c
#
# No core dump will be written. Core dumps have been disabled. To enable core dumping, try "ulimit -c unlimited" before starting Java again
#
# If you would like to submit a bug report, please visit:
#   https://github.com/adoptium/adoptium-support/issues
#

---------------  S U M M A R Y ------------

Command Line: com.mycompany.copyofrotasystem.LoginScreen

Host: Mac14,2 x86_64 2400 MHz, 8 cores, 8G, Darwin 22.2.0
Time: Tue Sep 19 17:14:47 2023 BST elapsed time: 0.583833 seconds (0d 0h 0m 0s)

---------------  T H R E A D  ---------------

Current thread (0x00007f9fec061800):  JavaThread "C2 CompilerThread0" daemon [_thread_in_native, id=24579, stack(0x0000000309485000,0x0000000309585000)]


Current CompileTask:
C2:    583  495       4       jdk.internal.org.objectweb.asm.Frame::execute (2264 bytes)

Stack: [0x0000000309485000,0x0000000309585000],  sp=0x0000000309581630,  free space=1009k
Native frames: (J=compiled Java code, A=aot compiled Java code, j=interpreted, Vv=VM code, C=native code)
V  [libjvm.dylib+0x39f5ae]  IndexSetIterator::advance_and_next()+0x9c
V  [libjvm.dylib+0x399245]  PhaseIFG::remove_node(unsigned int)+0x11b
V  [libjvm.dylib+0x1c8f34]  PhaseChaitin::Simplify()+0x2c8
V  [libjvm.dylib+0x1c7b7d]  PhaseChaitin::Register_Allocate()+0x71b
V  [libjvm.dylib+0x23327d]  Compile::Code_Gen()+0x25f
V  [libjvm.dylib+0x231503]  Compile::Compile(ciEnv*, C2Compiler*, ciMethod*, int, bool, bool, bool, bool, DirectiveSet*)+0x8ff
V  [libjvm.dylib+0x1b39c8]  C2Compiler::compile_method(ciEnv*, ciMethod*, int, DirectiveSet*)+0xd4
V  [libjvm.dylib+0x23e8ca]  CompileBroker::invoke_compiler_on_method(CompileTask*)+0x52e
V  [libjvm.dylib+0x23e227]  CompileBroker::compiler_thread_loop()+0x1ab
V  [libjvm.dylib+0x781192]  JavaThread::thread_main_inner()+0x82
V  [libjvm.dylib+0x780fe6]  JavaThread::run()+0x122
V  [libjvm.dylib+0x77ef00]  Thread::call_run()+0x68
V  [libjvm.dylib+0x62d13c]  thread_native_entry(Thread*)+0x125
C  [libsystem_pthread.dylib+0x6259]  _pthread_start+0x7d
C  [libsystem_pthread.dylib+0x1c7b]  thread_start+0xf


siginfo: si_signo: 11 (SIGSEGV), si_code: 1 (SEGV_MAPERR), si_addr: 0x000000010b58bb30

Register to memory mapping:

RAX=0x00007f9fc00dd220 points into unknown readable memory: 0x000000010c0494b8 | b8 94 04 0c 01 00 00 00
RBX=0x0000000000000002 is an unknown value
RCX=0x0000000000000b00 is an unknown value
RDX=0x000000000000000b is an unknown value
RSP=0x0000000309581630 is pointing into the stack for thread: 0x00007f9fec061800
RBP=0x0000000309581630 is pointing into the stack for thread: 0x00007f9fec061800
RSI=0x00007f9feb0f1e20 points into unknown readable memory: 0x0000000000000000 | 00 00 00 00 00 00 00 00
RDI=0x000000010c03c6a0: _ZN6Thread12_thr_currentE+0 in /Library/Java/JavaVirtualMachines/temurin-11.jdk/Contents/Home/lib/server/libjvm.dylib at 0x000000010b678000
R8 =0x000000010c0494b8: _ZN8IndexSet12_empty_blockE+0 in /Library/Java/JavaVirtualMachines/temurin-11.jdk/Contents/Home/lib/server/libjvm.dylib at 0x000000010b678000
R9 =0x000000000000000c is an unknown value
R10=0x00007f9fc00dd210 points into unknown readable memory: 0x0000000000000001 | 01 00 00 00 00 00 00 00
R11=0x0000000309581648 is pointing into the stack for thread: 0x00007f9fec061800
R12=0x00000003095819a8 is pointing into the stack for thread: 0x00007f9fec061800
R13=0x0000000000035200 is an unknown value
R14=0x00000000fffeffff is an unknown value
R15=0x00007f9fc01552a4 points into unknown readable memory: 01 00 01 00


Registers:
RAX=0x00007f9fc00dd220, RBX=0x0000000000000002, RCX=0x0000000000000b00, RDX=0x000000000000000b
RSP=0x0000000309581630, RBP=0x0000000309581630, RSI=0x00007f9feb0f1e20, RDI=0x000000010c03c6a0
R8 =0x000000010c0494b8, R9 =0x000000000000000c, R10=0x00007f9fc00dd210, R11=0x0000000309581648
R12=0x00000003095819a8, R13=0x0000000000035200, R14=0x00000000fffeffff, R15=0x00007f9fc01552a4
RIP=0x000000010ba175ae, EFLAGS=0x0000000000000202, ERR=0x0000000000000004
  TRAPNO=0x000000000000000e

Top of Stack: (sp=0x0000000309581630)
0x0000000309581630:   00000003095816c0 000000010ba11245
0x0000000309581640:   0000000d0005f5a0 00000a6a00000000
0x0000000309581650:   0000000300000004 00007f9feb0f1e20
0x0000000309581660:   000000000000000b 00007f9fc00dd220
0x0000000309581670:   000000030000000c 00007f9fc00dd210
0x0000000309581680:   0000000000000005 00007f9fc0120010
0x0000000309581690:   00010000095816c0 0000000000000550
0x00000003095816a0:   0000000309582760 00000003095818b8
0x00000003095816b0:   0000000309581728 0000000309582760
0x00000003095816c0:   00000003095817b0 000000010b840f34
0x00000003095816d0:   0000000000000000 0000000000000000
0x00000003095816e0:   0000000309581710 000000010b9d5d00
0x00000003095816f0:   0000000309581720 000000010be7fd8a
0x0000000309581700:   0000000000000000 0000000000000000
0x0000000309581710:   0000000000000000 000000010be7fd8a
0x0000000309581720:   0000000309581700 00000a6a00000000
0x0000000309581730:   0000000300000008 00007f9feb0ede60
0x0000000309581740:   0000000300000001 00007f9fc00dd360
0x0000000309581750:   0000000300000001 00007f9fc00dd350
0x0000000309581760:   0000000000000000 0000000309583ff0
0x0000000309581770:   0000000000000000 000000010be7fd7a
0x0000000309581780:   0000000309583f00 0000000309582848
0x0000000309581790:   0000000309582760 00000003095818b8
0x00000003095817a0:   0000000309581830 0000000000000000
0x00000003095817b0:   0000000309581a50 000000010b83fb7d
0x00000003095817c0:   00007f9fc0020010 00001a980000000a
0x00000003095817d0:   0000000309583ff0 00007f9fc0058010
0x00000003095817e0:   0000000000000000 00007f9fc0198010
0x00000003095817f0:   00007f9fec300010 00007f9fec302bb0
0x0000000309581800:   00007f9fec2f8010 00000003095832d8
0x0000000309581810:   0000000309582870 0000000100000b50
0x0000000309581820:   0000000309581888 000000010b774500 

Instructions: (pc=0x000000010ba175ae)
0x000000010ba174ae:   08 08 00 00 00 b8 01 00 00 00 89 47 18 89 47 28
0x000000010ba174be:   5d c3 55 48 89 e5 31 c0 39 06 89 07 74 32 48 b8
0x000000010ba174ce:   00 00 00 00 08 00 00 00 48 89 47 04 c7 47 18 00
0x000000010ba174de:   00 00 00 8b 86 90 00 00 00 89 47 28 31 c0 48 89
0x000000010ba174ee:   47 10 48 8b 4e 08 48 89 4f 20 48 89 47 30 eb 12
0x000000010ba174fe:   c7 47 08 08 00 00 00 b8 01 00 00 00 89 47 18 89
0x000000010ba1750e:   47 28 5d c3 55 48 89 e5 49 89 fb 8b 47 08 48 83
0x000000010ba1751e:   f8 07 77 2d 49 8b 7b 10 48 8d 14 87 89 c6 c1 e6
0x000000010ba1752e:   05 81 c6 00 ff ff ff 89 c1 83 3c 8f 00 0f 85 eb
0x000000010ba1753e:   00 00 00 ff c0 48 83 c2 04 83 c6 20 83 f8 08 72
0x000000010ba1754e:   e6 41 8b 53 18 45 8b 4b 28 44 39 ca 0f 83 a4 00
0x000000010ba1755e:   00 00 89 d1 c1 e1 08 4c 8d 05 4c 1f 63 00 49 8b
0x000000010ba1756e:   43 20 48 8b 04 d0 4c 39 c0 74 76 49 89 43 10 89
0x000000010ba1757e:   ce 31 ff 83 3c b8 00 0f 85 89 00 00 00 48 ff c7
0x000000010ba1758e:   83 c6 20 83 ff 08 72 eb 4d 8b 53 30 4d 85 d2 74
0x000000010ba1759e:   50 49 8b 42 08 48 8b 34 d0 48 8d 3d f2 50 62 00
0x000000010ba175ae:   ff 17 48 8b 38 48 8b bf e8 04 00 00 48 8b bf 80
0x000000010ba175be:   00 00 00 48 8b bf b0 08 00 00 48 89 3e 48 8b 00
0x000000010ba175ce:   48 8b 80 e8 04 00 00 48 8b 80 80 00 00 00 48 89
0x000000010ba175de:   b0 b0 08 00 00 49 8b 42 08 4c 89 04 d0 45 8b 4b
0x000000010ba175ee:   28 48 ff c2 44 89 c8 81 c1 00 01 00 00 48 39 c2
0x000000010ba175fe:   0f 82 68 ff ff ff 45 89 4b 18 41 c7 43 08 08 00
0x000000010ba1760e:   00 00 31 c0 5d c3 41 89 73 04 8b 04 b8 41 89 03
0x000000010ba1761e:   ff c2 41 89 53 18 ff c7 41 89 7b 08 eb 18 41 8b
0x000000010ba1762e:   4b 18 c1 e1 08 01 f1 41 89 4b 04 8b 0a 41 89 0b
0x000000010ba1763e:   ff c0 41 89 43 08 4c 89 df 5d e9 31 a3 e2 ff 90
0x000000010ba1764e:   80 3d 8b c8 5e 00 00 74 01 c3 55 48 89 e5 48 83
0x000000010ba1765e:   ec 10 c7 04 24 00 00 00 00 48 8d 3d 52 d8 60 00
0x000000010ba1766e:   48 8d 35 6b e8 19 00 ba 2a 00 00 00 b9 7a 00 00
0x000000010ba1767e:   00 45 31 c0 45 31 c9 e8 02 86 18 00 48 c7 05 4b
0x000000010ba1768e:   c8 5e 00 01 00 00 00 48 83 c4 10 5d c3 80 3d de
0x000000010ba1769e:   bc 5e 00 00 74 01 c3 55 48 89 e5 48 83 ec 10 c7 


Stack slot to memory mapping:
stack at sp + 0 slots: 0x00000003095816c0 is pointing into the stack for thread: 0x00007f9fec061800
stack at sp + 1 slots: 0x000000010ba11245: _ZN8PhaseIFG11remove_nodeEj+0x11b in /Library/Java/JavaVirtualMachines/temurin-11.jdk/Contents/Home/lib/server/libjvm.dylib at 0x000000010b678000
stack at sp + 2 slots: 0x0000000d0005f5a0 is an unknown value
stack at sp + 3 slots: 0x00000a6a00000000 is an unknown value
stack at sp + 4 slots: 0x0000000300000004 is an unknown value
stack at sp + 5 slots: 0x00007f9feb0f1e20 points into unknown readable memory: 0x0000000000000000 | 00 00 00 00 00 00 00 00
stack at sp + 6 slots: 0x000000000000000b is an unknown value
stack at sp + 7 slots: 0x00007f9fc00dd220 points into unknown readable memory: 0x000000010c0494b8 | b8 94 04 0c 01 00 00 00


---------------  P R O C E S S  ---------------

Threads class SMR info:
_java_thread_list=0x0000600001613c60, length=11, elements={
0x00007f9fed00a000, 0x00007f9fec056000, 0x00007f9feb027000, 0x00007f9fec05d800,
0x00007f9fec060800, 0x00007f9fec061800, 0x00007f9fec062800, 0x00007f9fee018000,
0x00007f9fed008800, 0x00007f9fed11c000, 0x00007f9fee29d800
}

Java Threads: ( => current thread )
  0x00007f9fed00a000 JavaThread "main" [_thread_in_native, id=8707, stack(0x0000000308854000,0x0000000308954000)]
  0x00007f9fec056000 JavaThread "Reference Handler" daemon [_thread_blocked, id=19203, stack(0x0000000308f69000,0x0000000309069000)]
  0x00007f9feb027000 JavaThread "Finalizer" daemon [_thread_blocked, id=21763, stack(0x000000030906c000,0x000000030916c000)]
  0x00007f9fec05d800 JavaThread "Signal Dispatcher" daemon [_thread_blocked, id=23299, stack(0x000000030927f000,0x000000030937f000)]
  0x00007f9fec060800 JavaThread "Service Thread" daemon [_thread_blocked, id=23811, stack(0x0000000309382000,0x0000000309482000)]
=>0x00007f9fec061800 JavaThread "C2 CompilerThread0" daemon [_thread_in_native, id=24579, stack(0x0000000309485000,0x0000000309585000)]
  0x00007f9fec062800 JavaThread "C1 CompilerThread0" daemon [_thread_blocked, id=24835, stack(0x0000000309588000,0x0000000309688000)]
  0x00007f9fee018000 JavaThread "Sweeper thread" daemon [_thread_blocked, id=25347, stack(0x000000030968b000,0x000000030978b000)]
  0x00007f9fed008800 JavaThread "Common-Cleaner" daemon [_thread_blocked, id=28419, stack(0x0000000309891000,0x0000000309991000)]
  0x00007f9fed11c000 JavaThread "AppKit Thread" daemon [_thread_in_native, id=259, stack(0x0000000307fd1000,0x00000003087d1000)]
  0x00007f9fee29d800 JavaThread "AWT-Shutdown" [_thread_blocked, id=65027, stack(0x0000000309994000,0x0000000309a94000)]

Other Threads:
  0x00007f9feb026000 VMThread "VM Thread" [stack: 0x0000000308e66000,0x0000000308f66000] [id=17667]
  0x00007f9fee06a800 WatcherThread [stack: 0x000000030978e000,0x000000030988e000] [id=26671]
  0x00007f9feb015000 GCTaskThread "GC Thread#0" [stack: 0x0000000308957000,0x0000000308a57000] [id=13827]
  0x00007f9fec030800 ConcurrentGCThread "G1 Main Marker" [stack: 0x0000000308a5a000,0x0000000308b5a000] [id=13315]
  0x00007f9fec031800 ConcurrentGCThread "G1 Conc#0" [stack: 0x0000000308b5d000,0x0000000308c5d000] [id=21507]
  0x00007f9fed053000 ConcurrentGCThread "G1 Refine#0" [stack: 0x0000000308c60000,0x0000000308d60000] [id=16643]
  0x00007f9fed053800 ConcurrentGCThread "G1 Young RemSet Sampling" [stack: 0x0000000308d63000,0x0000000308e63000] [id=20739]

Threads with active compile tasks:
C2 CompilerThread0      602  495       4       jdk.internal.org.objectweb.asm.Frame::execute (2264 bytes)

VM state:not at safepoint (normal execution)

VM Mutex/Monitor currently owned by a thread: None

Heap address: 0x0000000780000000, size: 2048 MB, Compressed Oops mode: Zero based, Oop shift amount: 3
Narrow klass base: 0x0000000800000000, Narrow klass shift: 0
Compressed class space size: 1073741824 Address: 0x0000000800000000

Heap:
 garbage-first heap   total 131072K, used 4096K [0x0000000780000000, 0x0000000800000000)
  region size 1024K, 5 young (5120K), 0 survivors (0K)
 Metaspace       used 8354K, capacity 8522K, committed 8576K, reserved 1056768K
  class space    used 777K, capacity 864K, committed 896K, reserved 1048576K
Heap Regions: E=young(eden), S=young(survivor), O=old, HS=humongous(starts), HC=humongous(continues), CS=collection set, F=free, A=archive, TAMS=top-at-mark-start (previous, next)
|   0|0x0000000780000000, 0x0000000780000000, 0x0000000780100000|  0%| F|  |TAMS 0x0000000780000000, 0x0000000780000000| Untracked 
|   1|0x0000000780100000, 0x0000000780100000, 0x0000000780200000|  0%| F|  |TAMS 0x0000000780100000, 0x0000000780100000| Untracked 
|   2|0x0000000780200000, 0x0000000780200000, 0x0000000780300000|  0%| F|  |TAMS 0x0000000780200000, 0x0000000780200000| Untracked 
|   3|0x0000000780300000, 0x0000000780300000, 0x0000000780400000|  0%| F|  |TAMS 0x0000000780300000, 0x0000000780300000| Untracked 
|   4|0x0000000780400000, 0x0000000780400000, 0x0000000780500000|  0%| F|  |TAMS 0x0000000780400000, 0x0000000780400000| Untracked 
|   5|0x0000000780500000, 0x0000000780500000, 0x0000000780600000|  0%| F|  |TAMS 0x0000000780500000, 0x0000000780500000| Untracked 
|   6|0x0000000780600000, 0x0000000780600000, 0x0000000780700000|  0%| F|  |TAMS 0x0000000780600000, 0x0000000780600000| Untracked 
|   7|0x0000000780700000, 0x0000000780700000, 0x0000000780800000|  0%| F|  |TAMS 0x0000000780700000, 0x0000000780700000| Untracked 
|   8|0x0000000780800000, 0x0000000780800000, 0x0000000780900000|  0%| F|  |TAMS 0x0000000780800000, 0x0000000780800000| Untracked 
|   9|0x0000000780900000, 0x0000000780900000, 0x0000000780a00000|  0%| F|  |TAMS 0x0000000780900000, 0x0000000780900000| Untracked 
|  10|0x0000000780a00000, 0x0000000780a00000, 0x0000000780b00000|  0%| F|  |TAMS 0x0000000780a00000, 0x0000000780a00000| Untracked 
|  11|0x0000000780b00000, 0x0000000780b00000, 0x0000000780c00000|  0%| F|  |TAMS 0x0000000780b00000, 0x0000000780b00000| Untracked 
|  12|0x0000000780c00000, 0x0000000780c00000, 0x0000000780d00000|  0%| F|  |TAMS 0x0000000780c00000, 0x0000000780c00000| Untracked 
|  13|0x0000000780d00000, 0x0000000780d00000, 0x0000000780e00000|  0%| F|  |TAMS 0x0000000780d00000, 0x0000000780d00000| Untracked 
|  14|0x0000000780e00000, 0x0000000780e00000, 0x0000000780f00000|  0%| F|  |TAMS 0x0000000780e00000, 0x0000000780e00000| Untracked 
|  15|0x0000000780f00000, 0x0000000780f00000, 0x0000000781000000|  0%| F|  |TAMS 0x0000000780f00000, 0x0000000780f00000| Untracked 
|  16|0x0000000781000000, 0x0000000781000000, 0x0000000781100000|  0%| F|  |TAMS 0x0000000781000000, 0x0000000781000000| Untracked 
|  17|0x0000000781100000, 0x0000000781100000, 0x0000000781200000|  0%| F|  |TAMS 0x0000000781100000, 0x0000000781100000| Untracked 
|  18|0x0000000781200000, 0x0000000781200000, 0x0000000781300000|  0%| F|  |TAMS 0x0000000781200000, 0x0000000781200000| Untracked 
|  19|0x0000000781300000, 0x0000000781300000, 0x0000000781400000|  0%| F|  |TAMS 0x0000000781300000, 0x0000000781300000| Untracked 
|  20|0x0000000781400000, 0x0000000781400000, 0x0000000781500000|  0%| F|  |TAMS 0x0000000781400000, 0x0000000781400000| Untracked 
|  21|0x0000000781500000, 0x0000000781500000, 0x0000000781600000|  0%| F|  |TAMS 0x0000000781500000, 0x0000000781500000| Untracked 
|  22|0x0000000781600000, 0x0000000781600000, 0x0000000781700000|  0%| F|  |TAMS 0x0000000781600000, 0x0000000781600000| Untracked 
|  23|0x0000000781700000, 0x0000000781700000, 0x0000000781800000|  0%| F|  |TAMS 0x0000000781700000, 0x0000000781700000| Untracked 
|  24|0x0000000781800000, 0x0000000781800000, 0x0000000781900000|  0%| F|  |TAMS 0x0000000781800000, 0x0000000781800000| Untracked 
|  25|0x0000000781900000, 0x0000000781900000, 0x0000000781a00000|  0%| F|  |TAMS 0x0000000781900000, 0x0000000781900000| Untracked 
|  26|0x0000000781a00000, 0x0000000781a00000, 0x0000000781b00000|  0%| F|  |TAMS 0x0000000781a00000, 0x0000000781a00000| Untracked 
|  27|0x0000000781b00000, 0x0000000781b00000, 0x0000000781c00000|  0%| F|  |TAMS 0x0000000781b00000, 0x0000000781b00000| Untracked 
|  28|0x0000000781c00000, 0x0000000781c00000, 0x0000000781d00000|  0%| F|  |TAMS 0x0000000781c00000, 0x0000000781c00000| Untracked 
|  29|0x0000000781d00000, 0x0000000781d00000, 0x0000000781e00000|  0%| F|  |TAMS 0x0000000781d00000, 0x0000000781d00000| Untracked 
|  30|0x0000000781e00000, 0x0000000781e00000, 0x0000000781f00000|  0%| F|  |TAMS 0x0000000781e00000, 0x0000000781e00000| Untracked 
|  31|0x0000000781f00000, 0x0000000781f00000, 0x0000000782000000|  0%| F|  |TAMS 0x0000000781f00000, 0x0000000781f00000| Untracked 
|  32|0x0000000782000000, 0x0000000782000000, 0x0000000782100000|  0%| F|  |TAMS 0x0000000782000000, 0x0000000782000000| Untracked 
|  33|0x0000000782100000, 0x0000000782100000, 0x0000000782200000|  0%| F|  |TAMS 0x0000000782100000, 0x0000000782100000| Untracked 
|  34|0x0000000782200000, 0x0000000782200000, 0x0000000782300000|  0%| F|  |TAMS 0x0000000782200000, 0x0000000782200000| Untracked 
|  35|0x0000000782300000, 0x0000000782300000, 0x0000000782400000|  0%| F|  |TAMS 0x0000000782300000, 0x0000000782300000| Untracked 
|  36|0x0000000782400000, 0x0000000782400000, 0x0000000782500000|  0%| F|  |TAMS 0x0000000782400000, 0x0000000782400000| Untracked 
|  37|0x0000000782500000, 0x0000000782500000, 0x0000000782600000|  0%| F|  |TAMS 0x0000000782500000, 0x0000000782500000| Untracked 
|  38|0x0000000782600000, 0x0000000782600000, 0x0000000782700000|  0%| F|  |TAMS 0x0000000782600000, 0x0000000782600000| Untracked 
|  39|0x0000000782700000, 0x0000000782700000, 0x0000000782800000|  0%| F|  |TAMS 0x0000000782700000, 0x0000000782700000| Untracked 
|  40|0x0000000782800000, 0x0000000782800000, 0x0000000782900000|  0%| F|  |TAMS 0x0000000782800000, 0x0000000782800000| Untracked 
|  41|0x0000000782900000, 0x0000000782900000, 0x0000000782a00000|  0%| F|  |TAMS 0x0000000782900000, 0x0000000782900000| Untracked 
|  42|0x0000000782a00000, 0x0000000782a00000, 0x0000000782b00000|  0%| F|  |TAMS 0x0000000782a00000, 0x0000000782a00000| Untracked 
|  43|0x0000000782b00000, 0x0000000782b00000, 0x0000000782c00000|  0%| F|  |TAMS 0x0000000782b00000, 0x0000000782b00000| Untracked 
|  44|0x0000000782c00000, 0x0000000782c00000, 0x0000000782d00000|  0%| F|  |TAMS 0x0000000782c00000, 0x0000000782c00000| Untracked 
|  45|0x0000000782d00000, 0x0000000782d00000, 0x0000000782e00000|  0%| F|  |TAMS 0x0000000782d00000, 0x0000000782d00000| Untracked 
|  46|0x0000000782e00000, 0x0000000782e00000, 0x0000000782f00000|  0%| F|  |TAMS 0x0000000782e00000, 0x0000000782e00000| Untracked 
|  47|0x0000000782f00000, 0x0000000782f00000, 0x0000000783000000|  0%| F|  |TAMS 0x0000000782f00000, 0x0000000782f00000| Untracked 
|  48|0x0000000783000000, 0x0000000783000000, 0x0000000783100000|  0%| F|  |TAMS 0x0000000783000000, 0x0000000783000000| Untracked 
|  49|0x0000000783100000, 0x0000000783100000, 0x0000000783200000|  0%| F|  |TAMS 0x0000000783100000, 0x0000000783100000| Untracked 
|  50|0x0000000783200000, 0x0000000783200000, 0x0000000783300000|  0%| F|  |TAMS 0x0000000783200000, 0x0000000783200000| Untracked 
|  51|0x0000000783300000, 0x0000000783300000, 0x0000000783400000|  0%| F|  |TAMS 0x0000000783300000, 0x0000000783300000| Untracked 
|  52|0x0000000783400000, 0x0000000783400000, 0x0000000783500000|  0%| F|  |TAMS 0x0000000783400000, 0x0000000783400000| Untracked 
|  53|0x0000000783500000, 0x0000000783500000, 0x0000000783600000|  0%| F|  |TAMS 0x0000000783500000, 0x0000000783500000| Untracked 
|  54|0x0000000783600000, 0x0000000783600000, 0x0000000783700000|  0%| F|  |TAMS 0x0000000783600000, 0x0000000783600000| Untracked 
|  55|0x0000000783700000, 0x0000000783700000, 0x0000000783800000|  0%| F|  |TAMS 0x0000000783700000, 0x0000000783700000| Untracked 
|  56|0x0000000783800000, 0x0000000783800000, 0x0000000783900000|  0%| F|  |TAMS 0x0000000783800000, 0x0000000783800000| Untracked 
|  57|0x0000000783900000, 0x0000000783900000, 0x0000000783a00000|  0%| F|  |TAMS 0x0000000783900000, 0x0000000783900000| Untracked 
|  58|0x0000000783a00000, 0x0000000783a00000, 0x0000000783b00000|  0%| F|  |TAMS 0x0000000783a00000, 0x0000000783a00000| Untracked 
|  59|0x0000000783b00000, 0x0000000783b00000, 0x0000000783c00000|  0%| F|  |TAMS 0x0000000783b00000, 0x0000000783b00000| Untracked 
|  60|0x0000000783c00000, 0x0000000783c00000, 0x0000000783d00000|  0%| F|  |TAMS 0x0000000783c00000, 0x0000000783c00000| Untracked 
|  61|0x0000000783d00000, 0x0000000783d00000, 0x0000000783e00000|  0%| F|  |TAMS 0x0000000783d00000, 0x0000000783d00000| Untracked 
|  62|0x0000000783e00000, 0x0000000783e00000, 0x0000000783f00000|  0%| F|  |TAMS 0x0000000783e00000, 0x0000000783e00000| Untracked 
|  63|0x0000000783f00000, 0x0000000783f00000, 0x0000000784000000|  0%| F|  |TAMS 0x0000000783f00000, 0x0000000783f00000| Untracked 
|  64|0x0000000784000000, 0x0000000784000000, 0x0000000784100000|  0%| F|  |TAMS 0x0000000784000000, 0x0000000784000000| Untracked 
|  65|0x0000000784100000, 0x0000000784100000, 0x0000000784200000|  0%| F|  |TAMS 0x0000000784100000, 0x0000000784100000| Untracked 
|  66|0x0000000784200000, 0x0000000784200000, 0x0000000784300000|  0%| F|  |TAMS 0x0000000784200000, 0x0000000784200000| Untracked 
|  67|0x0000000784300000, 0x0000000784300000, 0x0000000784400000|  0%| F|  |TAMS 0x0000000784300000, 0x0000000784300000| Untracked 
|  68|0x0000000784400000, 0x0000000784400000, 0x0000000784500000|  0%| F|  |TAMS 0x0000000784400000, 0x0000000784400000| Untracked 
|  69|0x0000000784500000, 0x0000000784500000, 0x0000000784600000|  0%| F|  |TAMS 0x0000000784500000, 0x0000000784500000| Untracked 
|  70|0x0000000784600000, 0x0000000784600000, 0x0000000784700000|  0%| F|  |TAMS 0x0000000784600000, 0x0000000784600000| Untracked 
|  71|0x0000000784700000, 0x0000000784700000, 0x0000000784800000|  0%| F|  |TAMS 0x0000000784700000, 0x0000000784700000| Untracked 
|  72|0x0000000784800000, 0x0000000784800000, 0x0000000784900000|  0%| F|  |TAMS 0x0000000784800000, 0x0000000784800000| Untracked 
|  73|0x0000000784900000, 0x0000000784900000, 0x0000000784a00000|  0%| F|  |TAMS 0x0000000784900000, 0x0000000784900000| Untracked 
|  74|0x0000000784a00000, 0x0000000784a00000, 0x0000000784b00000|  0%| F|  |TAMS 0x0000000784a00000, 0x0000000784a00000| Untracked 
|  75|0x0000000784b00000, 0x0000000784b00000, 0x0000000784c00000|  0%| F|  |TAMS 0x0000000784b00000, 0x0000000784b00000| Untracked 
|  76|0x0000000784c00000, 0x0000000784c00000, 0x0000000784d00000|  0%| F|  |TAMS 0x0000000784c00000, 0x0000000784c00000| Untracked 
|  77|0x0000000784d00000, 0x0000000784d00000, 0x0000000784e00000|  0%| F|  |TAMS 0x0000000784d00000, 0x0000000784d00000| Untracked 
|  78|0x0000000784e00000, 0x0000000784e00000, 0x0000000784f00000|  0%| F|  |TAMS 0x0000000784e00000, 0x0000000784e00000| Untracked 
|  79|0x0000000784f00000, 0x0000000784f00000, 0x0000000785000000|  0%| F|  |TAMS 0x0000000784f00000, 0x0000000784f00000| Untracked 
|  80|0x0000000785000000, 0x0000000785000000, 0x0000000785100000|  0%| F|  |TAMS 0x0000000785000000, 0x0000000785000000| Untracked 
|  81|0x0000000785100000, 0x0000000785100000, 0x0000000785200000|  0%| F|  |TAMS 0x0000000785100000, 0x0000000785100000| Untracked 
|  82|0x0000000785200000, 0x0000000785200000, 0x0000000785300000|  0%| F|  |TAMS 0x0000000785200000, 0x0000000785200000| Untracked 
|  83|0x0000000785300000, 0x0000000785300000, 0x0000000785400000|  0%| F|  |TAMS 0x0000000785300000, 0x0000000785300000| Untracked 
|  84|0x0000000785400000, 0x0000000785400000, 0x0000000785500000|  0%| F|  |TAMS 0x0000000785400000, 0x0000000785400000| Untracked 
|  85|0x0000000785500000, 0x0000000785500000, 0x0000000785600000|  0%| F|  |TAMS 0x0000000785500000, 0x0000000785500000| Untracked 
|  86|0x0000000785600000, 0x0000000785600000, 0x0000000785700000|  0%| F|  |TAMS 0x0000000785600000, 0x0000000785600000| Untracked 
|  87|0x0000000785700000, 0x0000000785700000, 0x0000000785800000|  0%| F|  |TAMS 0x0000000785700000, 0x0000000785700000| Untracked 
|  88|0x0000000785800000, 0x0000000785800000, 0x0000000785900000|  0%| F|  |TAMS 0x0000000785800000, 0x0000000785800000| Untracked 
|  89|0x0000000785900000, 0x0000000785900000, 0x0000000785a00000|  0%| F|  |TAMS 0x0000000785900000, 0x0000000785900000| Untracked 
|  90|0x0000000785a00000, 0x0000000785a00000, 0x0000000785b00000|  0%| F|  |TAMS 0x0000000785a00000, 0x0000000785a00000| Untracked 
|  91|0x0000000785b00000, 0x0000000785b00000, 0x0000000785c00000|  0%| F|  |TAMS 0x0000000785b00000, 0x0000000785b00000| Untracked 
|  92|0x0000000785c00000, 0x0000000785c00000, 0x0000000785d00000|  0%| F|  |TAMS 0x0000000785c00000, 0x0000000785c00000| Untracked 
|  93|0x0000000785d00000, 0x0000000785d00000, 0x0000000785e00000|  0%| F|  |TAMS 0x0000000785d00000, 0x0000000785d00000| Untracked 
|  94|0x0000000785e00000, 0x0000000785e00000, 0x0000000785f00000|  0%| F|  |TAMS 0x0000000785e00000, 0x0000000785e00000| Untracked 
|  95|0x0000000785f00000, 0x0000000785f00000, 0x0000000786000000|  0%| F|  |TAMS 0x0000000785f00000, 0x0000000785f00000| Untracked 
|  96|0x0000000786000000, 0x0000000786000000, 0x0000000786100000|  0%| F|  |TAMS 0x0000000786000000, 0x0000000786000000| Untracked 
|  97|0x0000000786100000, 0x0000000786100000, 0x0000000786200000|  0%| F|  |TAMS 0x0000000786100000, 0x0000000786100000| Untracked 
|  98|0x0000000786200000, 0x0000000786200000, 0x0000000786300000|  0%| F|  |TAMS 0x0000000786200000, 0x0000000786200000| Untracked 
|  99|0x0000000786300000, 0x0000000786300000, 0x0000000786400000|  0%| F|  |TAMS 0x0000000786300000, 0x0000000786300000| Untracked 
| 100|0x0000000786400000, 0x0000000786400000, 0x0000000786500000|  0%| F|  |TAMS 0x0000000786400000, 0x0000000786400000| Untracked 
| 101|0x0000000786500000, 0x0000000786500000, 0x0000000786600000|  0%| F|  |TAMS 0x0000000786500000, 0x0000000786500000| Untracked 
| 102|0x0000000786600000, 0x0000000786600000, 0x0000000786700000|  0%| F|  |TAMS 0x0000000786600000, 0x0000000786600000| Untracked 
| 103|0x0000000786700000, 0x0000000786700000, 0x0000000786800000|  0%| F|  |TAMS 0x0000000786700000, 0x0000000786700000| Untracked 
| 104|0x0000000786800000, 0x0000000786800000, 0x0000000786900000|  0%| F|  |TAMS 0x0000000786800000, 0x0000000786800000| Untracked 
| 105|0x0000000786900000, 0x0000000786900000, 0x0000000786a00000|  0%| F|  |TAMS 0x0000000786900000, 0x0000000786900000| Untracked 
| 106|0x0000000786a00000, 0x0000000786a00000, 0x0000000786b00000|  0%| F|  |TAMS 0x0000000786a00000, 0x0000000786a00000| Untracked 
| 107|0x0000000786b00000, 0x0000000786b00000, 0x0000000786c00000|  0%| F|  |TAMS 0x0000000786b00000, 0x0000000786b00000| Untracked 
| 108|0x0000000786c00000, 0x0000000786c00000, 0x0000000786d00000|  0%| F|  |TAMS 0x0000000786c00000, 0x0000000786c00000| Untracked 
| 109|0x0000000786d00000, 0x0000000786d00000, 0x0000000786e00000|  0%| F|  |TAMS 0x0000000786d00000, 0x0000000786d00000| Untracked 
| 110|0x0000000786e00000, 0x0000000786e00000, 0x0000000786f00000|  0%| F|  |TAMS 0x0000000786e00000, 0x0000000786e00000| Untracked 
| 111|0x0000000786f00000, 0x0000000786f00000, 0x0000000787000000|  0%| F|  |TAMS 0x0000000786f00000, 0x0000000786f00000| Untracked 
| 112|0x0000000787000000, 0x0000000787000000, 0x0000000787100000|  0%| F|  |TAMS 0x0000000787000000, 0x0000000787000000| Untracked 
| 113|0x0000000787100000, 0x0000000787100000, 0x0000000787200000|  0%| F|  |TAMS 0x0000000787100000, 0x0000000787100000| Untracked 
| 114|0x0000000787200000, 0x0000000787200000, 0x0000000787300000|  0%| F|  |TAMS 0x0000000787200000, 0x0000000787200000| Untracked 
| 115|0x0000000787300000, 0x0000000787300000, 0x0000000787400000|  0%| F|  |TAMS 0x0000000787300000, 0x0000000787300000| Untracked 
| 116|0x0000000787400000, 0x0000000787400000, 0x0000000787500000|  0%| F|  |TAMS 0x0000000787400000, 0x0000000787400000| Untracked 
| 117|0x0000000787500000, 0x0000000787500000, 0x0000000787600000|  0%| F|  |TAMS 0x0000000787500000, 0x0000000787500000| Untracked 
| 118|0x0000000787600000, 0x0000000787600000, 0x0000000787700000|  0%| F|  |TAMS 0x0000000787600000, 0x0000000787600000| Untracked 
| 119|0x0000000787700000, 0x0000000787700000, 0x0000000787800000|  0%| F|  |TAMS 0x0000000787700000, 0x0000000787700000| Untracked 
| 120|0x0000000787800000, 0x0000000787800000, 0x0000000787900000|  0%| F|  |TAMS 0x0000000787800000, 0x0000000787800000| Untracked 
| 121|0x0000000787900000, 0x0000000787900000, 0x0000000787a00000|  0%| F|  |TAMS 0x0000000787900000, 0x0000000787900000| Untracked 
| 122|0x0000000787a00000, 0x0000000787a00000, 0x0000000787b00000|  0%| F|  |TAMS 0x0000000787a00000, 0x0000000787a00000| Untracked 
| 123|0x0000000787b00000, 0x0000000787bf69a0, 0x0000000787c00000| 96%| E|  |TAMS 0x0000000787b00000, 0x0000000787b00000| Complete 
| 124|0x0000000787c00000, 0x0000000787d00000, 0x0000000787d00000|100%| E|CS|TAMS 0x0000000787c00000, 0x0000000787c00000| Complete 
| 125|0x0000000787d00000, 0x0000000787e00000, 0x0000000787e00000|100%| E|CS|TAMS 0x0000000787d00000, 0x0000000787d00000| Complete 
| 126|0x0000000787e00000, 0x0000000787f00000, 0x0000000787f00000|100%| E|CS|TAMS 0x0000000787e00000, 0x0000000787e00000| Complete 
| 127|0x0000000787f00000, 0x0000000788000000, 0x0000000788000000|100%| E|CS|TAMS 0x0000000787f00000, 0x0000000787f00000| Complete 

Card table byte_map: [0x000000010afe5000,0x000000010b3e5000] _byte_map_base: 0x00000001073e5000

Marking Bits (Prev, Next): (CMBitMap*) 0x00007f9fec028018, (CMBitMap*) 0x00007f9fec028050
 Prev Bits: [0x0000000125467000, 0x0000000127467000)
 Next Bits: [0x0000000127467000, 0x0000000129467000)

Polling page: 0x00000001022c6000

Metaspace:

Usage:
  Non-class:      7.48 MB capacity,     7.40 MB ( 99%) used,    63.51 KB ( <1%) free+waste,    17.00 KB ( <1%) overhead. 
      Class:    864.00 KB capacity,   777.49 KB ( 90%) used,    78.07 KB (  9%) free+waste,     8.44 KB ( <1%) overhead. 
       Both:      8.32 MB capacity,     8.16 MB ( 98%) used,   141.58 KB (  2%) free+waste,    25.44 KB ( <1%) overhead. 

Virtual space:
  Non-class space:        8.00 MB reserved,       7.50 MB ( 94%) committed 
      Class space:        1.00 GB reserved,     896.00 KB ( <1%) committed 
             Both:        1.01 GB reserved,       8.38 MB ( <1%) committed 

Chunk freelists:
   Non-Class:  0 bytes
       Class:  0 bytes
        Both:  0 bytes

MaxMetaspaceSize: unlimited
CompressedClassSpaceSize: 1.00 GB
Initial GC threshold: 20.80 MB
Current GC threshold: 20.80 MB
CDS: off

CodeHeap 'non-profiled nmethods': size=120032Kb used=153Kb max_used=153Kb free=119878Kb
 bounds [0x000000011db2f000, 0x000000011dd9f000, 0x0000000125067000]
CodeHeap 'profiled nmethods': size=120028Kb used=754Kb max_used=754Kb free=119274Kb
 bounds [0x00000001165f8000, 0x0000000116868000, 0x000000011db2f000]
CodeHeap 'non-nmethods': size=5700Kb used=1119Kb max_used=1132Kb free=4580Kb
 bounds [0x0000000116067000, 0x00000001162d7000, 0x00000001165f8000]
 total_blobs=868 nmethods=494 adapters=289
 compilation: enabled
              stopped_count=0, restarted_count=0
 full_count=0

Compilation events (20 events):
Event: 0.487 Thread 0x00007f9fec062800  483       1       java.lang.invoke.ClassSpecializer$SpeciesData::getterFunctions (5 bytes)
Event: 0.487 Thread 0x00007f9fec062800 nmethod 483 0x000000011db53290 code [0x000000011db53440, 0x000000011db534f0]
Event: 0.488 Thread 0x00007f9fec061800 nmethod 477 0x000000011db53590 code [0x000000011db53740, 0x000000011db53af8]
Event: 0.489 Thread 0x00007f9fec061800  485       4       jdk.internal.org.objectweb.asm.Item::isEqualTo (354 bytes)
Event: 0.490 Thread 0x00007f9fec062800  486       3       java.lang.String::endsWith (15 bytes)
Event: 0.490 Thread 0x00007f9fec062800 nmethod 486 0x00000001166af490 code [0x00000001166af680, 0x00000001166af9a0]
Event: 0.491 Thread 0x00007f9fec062800  487       3       java.lang.invoke.ClassSpecializer$Factory$1Var::isInHeap (13 bytes)
Event: 0.491 Thread 0x00007f9fec062800 nmethod 487 0x00000001166afb90 code [0x00000001166afd40, 0x00000001166afe90]
Event: 0.491 Thread 0x00007f9fec062800  488       3       sun.invoke.util.Wrapper::forBasicType (16 bytes)
Event: 0.491 Thread 0x00007f9fec062800 nmethod 488 0x00000001166aff10 code [0x00000001166b00e0, 0x00000001166b0260]
Event: 0.492 Thread 0x00007f9fec062800  491       3       sun.invoke.util.VerifyType::isNullType (18 bytes)
Event: 0.492 Thread 0x00007f9fec062800 nmethod 491 0x00000001166b0310 code [0x00000001166b04c0, 0x00000001166b0650]
Event: 0.492 Thread 0x00007f9fec062800  492       3       java.lang.invoke.MethodHandles$Lookup::checkAccess (226 bytes)
Event: 0.494 Thread 0x00007f9fec062800 nmethod 492 0x00000001166b0710 code [0x00000001166b0aa0, 0x00000001166b20b0]
Event: 0.494 Thread 0x00007f9fec062800  493       3       java.lang.invoke.DirectMethodHandle::make (263 bytes)
Event: 0.495 Thread 0x00007f9fec061800 nmethod 485 0x000000011db54590 code [0x000000011db54760, 0x000000011db54ed8]
Event: 0.495 Thread 0x00007f9fec061800  490       4       java.lang.StringLatin1::indexOf (61 bytes)
Event: 0.497 Thread 0x00007f9fec062800 nmethod 493 0x00000001166b2710 code [0x00000001166b2ac0, 0x00000001166b3f80]
Event: 0.498 Thread 0x00007f9fec061800 nmethod 490 0x000000011db55290 code [0x000000011db55420, 0x000000011db555b8]
Event: 0.498 Thread 0x00007f9fec061800  495       4       jdk.internal.org.objectweb.asm.Frame::execute (2264 bytes)

GC Heap History (0 events):
No events

Deoptimization events (4 events):
Event: 0.164 Thread 0x00007f9fed00a000 Uncommon trap: trap_request=0xffffff4d fr.pc=0x000000011db32b28 relative=0x0000000000000188
Event: 0.164 Thread 0x00007f9fed00a000 Uncommon trap: reason=unstable_if action=reinterpret pc=0x000000011db32b28 method=java.lang.String.hashCode()I @ 14 c2
Event: 0.164 Thread 0x00007f9fed00a000 DEOPT PACKING pc=0x000000011db32b28 sp=0x00000003089524f0
Event: 0.164 Thread 0x00007f9fed00a000 DEOPT UNPACKING pc=0x00000001160b0e9f sp=0x00000003089524a8 mode 2

Classes redefined (0 events):
No events

Internal exceptions (11 events):
Event: 0.255 Thread 0x00007f9fed00a000 Exception <a 'java/lang/ClassNotFoundException'{0x0000000787e991b8}: sun/awt/resources/spi/awtProvider> (0x0000000787e991b8) thrown at [./src/hotspot/share/classfile/systemDictionary.cpp, line 230]
Event: 0.343 Thread 0x00007f9fed00a000 Exception <a 'java/io/FileNotFoundException'{0x0000000787d33968}> (0x0000000787d33968) thrown at [./src/hotspot/share/prims/jni.cpp, line 617]
Event: 0.383 Thread 0x00007f9fed00a000 Exception <a 'java/lang/NoSuchMethodError'{0x0000000787d8e828}: 'java.lang.Object java.lang.invoke.DirectMethodHandle$Holder.invokeStatic(java.lang.Object, java.lang.Object, java.lang.Object, java.lang.Object, java.lang.Object, java.lang.Object, java.lang.Object, java.lang.Object, java.lang.Object, java.lang.Object, java.lang.Object, java.lang.Object, java.lang.Object, java.lang.Object, java.lang.Object)'> (0x0000000787d8e828) thrown at [./src/hotspot/share/interpreter/linkResolver.cpp, line 773]
Event: 0.390 Thread 0x00007f9fed00a000 Exception <a 'java/lang/NoSuchMethodError'{0x0000000787d9c598}: 'java.lang.Object java.lang.invoke.DirectMethodHandle$Holder.invokeStatic(java.lang.Object, java.lang.Object, java.lang.Object, java.lang.Object, java.lang.Object, java.lang.Object, java.lang.Object, java.lang.Object, java.lang.Object, java.lang.Object, java.lang.Object, java.lang.Object, java.lang.Object, java.lang.Object, java.lang.Object, java.lang.Object)'> (0x0000000787d9c598) thrown at [./src/hotspot/share/interpreter/linkResolver.cpp, l
Event: 0.392 Thread 0x00007f9fed00a000 Exception <a 'java/lang/NoSuchMethodError'{0x0000000787daa208}: 'java.lang.Object java.lang.invoke.DirectMethodHandle$Holder.invokeSpecial(java.lang.Object, java.lang.Object, int, int, java.lang.Object, java.lang.Object, java.lang.Object)'> (0x0000000787daa208) thrown at [./src/hotspot/share/interpreter/linkResolver.cpp, line 773]
Event: 0.392 Thread 0x00007f9fed00a000 Exception <a 'java/lang/NoSuchMethodError'{0x0000000787dad798}: 'java.lang.Object java.lang.invoke.DelegatingMethodHandle$Holder.reinvoke_L(java.lang.Object, int, int, java.lang.Object, java.lang.Object, java.lang.Object)'> (0x0000000787dad798) thrown at [./src/hotspot/share/interpreter/linkResolver.cpp, line 773]
Event: 0.395 Thread 0x00007f9fed00a000 Exception <a 'java/lang/NoSuchMethodError'{0x0000000787db1878}: 'java.lang.Object java.lang.invoke.DirectMethodHandle$Holder.invokeStatic(java.lang.Object, java.lang.Object, java.lang.Object, java.lang.Object, int)'> (0x0000000787db1878) thrown at [./src/hotspot/share/interpreter/linkResolver.cpp, line 773]
Event: 0.421 Thread 0x00007f9fed00a000 Exception <a 'java/io/FileNotFoundException'{0x0000000787c14950}> (0x0000000787c14950) thrown at [./src/hotspot/share/prims/jni.cpp, line 617]
Event: 0.472 Thread 0x00007f9fed00a000 Exception <a 'java/lang/ClassNotFoundException'{0x0000000787cefc00}: sun/awt/resources/spi/awtosxProvider> (0x0000000787cefc00) thrown at [./src/hotspot/share/classfile/systemDictionary.cpp, line 230]
Event: 0.486 Thread 0x00007f9fed00a000 Exception <a 'java/lang/NoSuchMethodError'{0x0000000787b18780}: 'java.lang.Object java.lang.invoke.DirectMethodHandle$Holder.invokeStatic(java.lang.Object, java.lang.Object, java.lang.Object, java.lang.Object, java.lang.Object, java.lang.Object, java.lang.Object, java.lang.Object, int)'> (0x0000000787b18780) thrown at [./src/hotspot/share/interpreter/linkResolver.cpp, line 773]
Event: 0.492 Thread 0x00007f9fed00a000 Exception <a 'java/lang/NoSuchMethodError'{0x0000000787b326e0}: 'java.lang.Object java.lang.invoke.DirectMethodHandle$Holder.invokeStatic(java.lang.Object, java.lang.Object, java.lang.Object, java.lang.Object, java.lang.Object, java.lang.Object, java.lang.Object, java.lang.Object, int, int)'> (0x0000000787b326e0) thrown at [./src/hotspot/share/interpreter/linkResolver.cpp, line 773]

Events (20 events):
Event: 0.551 Executing VM operation: RevokeBias
Event: 0.551 Executing VM operation: RevokeBias done
Event: 0.551 Executing VM operation: RevokeBias
Event: 0.551 Executing VM operation: RevokeBias done
Event: 0.551 Executing VM operation: RevokeBias
Event: 0.552 Executing VM operation: RevokeBias done
Event: 0.552 Executing VM operation: RevokeBias
Event: 0.552 Executing VM operation: RevokeBias done
Event: 0.552 Executing VM operation: RevokeBias
Event: 0.552 Executing VM operation: RevokeBias done
Event: 0.552 Executing VM operation: RevokeBias
Event: 0.552 Executing VM operation: RevokeBias done
Event: 0.552 Executing VM operation: RevokeBias
Event: 0.552 Executing VM operation: RevokeBias done
Event: 0.552 Executing VM operation: RevokeBias
Event: 0.552 Executing VM operation: RevokeBias done
Event: 0.553 loading class sun/awt/AWTAutoShutdown
Event: 0.553 loading class sun/awt/AWTAutoShutdown done
Event: 0.558 Thread 0x00007f9fee29d800 Thread added: 0x00007f9fee29d800
Event: 0.558 Protecting memory [0x0000000309994000,0x0000000309998000] with protection modes 0


Dynamic libraries:
0x000000010a879000 	/Library/Java/JavaVirtualMachines/temurin-11.jdk/Contents/Home/lib/jli/libjli.dylib
0x00007ff822418000 	/System/Library/Frameworks/Cocoa.framework/Versions/A/Cocoa
0x00007ff80cf73000 	/System/Library/Frameworks/AppKit.framework/Versions/C/AppKit
0x00007ff80fc2a000 	/System/Library/Frameworks/CoreData.framework/Versions/A/CoreData
0x00007ff80ac60000 	/System/Library/Frameworks/Foundation.framework/Versions/C/Foundation
0x00007ff815fd6000 	/usr/lib/libSystem.B.dylib
0x00007ff80df7b000 	/System/Library/PrivateFrameworks/UIFoundation.framework/Versions/A/UIFoundation
0x00007ffb09f7e000 	/System/Library/PrivateFrameworks/CollectionViewCore.framework/Versions/A/CollectionViewCore
0x00007ff81c417000 	/System/Library/PrivateFrameworks/RemoteViewServices.framework/Versions/A/RemoteViewServices
0x00007ff814090000 	/System/Library/PrivateFrameworks/XCTTargetBootstrap.framework/Versions/A/XCTTargetBootstrap
0x00007ff817f03000 	/System/Library/PrivateFrameworks/InternationalSupport.framework/Versions/A/InternationalSupport
0x00007ff817f8c000 	/System/Library/PrivateFrameworks/UserActivity.framework/Versions/A/UserActivity
0x00007ffb201e4000 	/System/Library/PrivateFrameworks/WindowManagement.framework/Versions/A/WindowManagement
0x00007ff80a94c000 	/System/Library/Frameworks/SystemConfiguration.framework/Versions/A/SystemConfiguration
0x00007ff817301000 	/usr/lib/libspindump.dylib
0x00007ff80e149000 	/System/Library/Frameworks/UniformTypeIdentifiers.framework/Versions/A/UniformTypeIdentifiers
0x00007ff812570000 	/usr/lib/libapp_launch_measurement.dylib
0x00007ff8111e5000 	/System/Library/PrivateFrameworks/CoreAnalytics.framework/Versions/A/CoreAnalytics
0x00007ff812573000 	/System/Library/PrivateFrameworks/CoreAutoLayout.framework/Versions/A/CoreAutoLayout
0x00007ff813904000 	/System/Library/Frameworks/Metal.framework/Versions/A/Metal
0x00007ff814856000 	/usr/lib/liblangid.dylib
0x00007ff814095000 	/System/Library/PrivateFrameworks/CoreSVG.framework/Versions/A/CoreSVG
0x00007ff80ea80000 	/System/Library/PrivateFrameworks/SkyLight.framework/Versions/A/SkyLight
0x00007ff80ee6a000 	/System/Library/Frameworks/CoreGraphics.framework/Versions/A/CoreGraphics
0x00007ff81cae9000 	/System/Library/Frameworks/Accelerate.framework/Versions/A/Accelerate
0x00007ff816d76000 	/System/Library/PrivateFrameworks/IconServices.framework/Versions/A/IconServices
0x00007ff8138e7000 	/System/Library/Frameworks/IOSurface.framework/Versions/A/IOSurface
0x00007ff81120f000 	/usr/lib/libDiagnosticMessagesClient.dylib
0x00007ff815eec000 	/usr/lib/libz.1.dylib
0x00007ff820031000 	/System/Library/Frameworks/ApplicationServices.framework/Versions/A/ApplicationServices
0x00007ff81407c000 	/System/Library/PrivateFrameworks/DFRFoundation.framework/Versions/A/DFRFoundation
0x00007ff80c83b000 	/usr/lib/libicucore.A.dylib
0x00007ff818da5000 	/System/Library/Frameworks/AudioToolbox.framework/Versions/A/AudioToolbox
0x00007ff817f0e000 	/System/Library/PrivateFrameworks/DataDetectorsCore.framework/Versions/A/DataDetectorsCore
0x00007ff9116ea000 	/System/Library/PrivateFrameworks/TextInput.framework/Versions/A/TextInput
0x00007ff80e9f5000 	/usr/lib/libMobileGestalt.dylib
0x00007ff813d84000 	/System/Library/Frameworks/Carbon.framework/Versions/A/Frameworks/HIToolbox.framework/Versions/A/HIToolbox
0x00007ff811f12000 	/System/Library/Frameworks/QuartzCore.framework/Versions/A/QuartzCore
0x00007ff80c4ba000 	/System/Library/Frameworks/Security.framework/Versions/A/Security
0x00007ff81c44f000 	/System/Library/Frameworks/Carbon.framework/Versions/A/Frameworks/SpeechRecognition.framework/Versions/A/SpeechRecognition
0x00007ff8122b0000 	/System/Library/PrivateFrameworks/CoreUI.framework/Versions/A/CoreUI
0x00007ff80bd9c000 	/System/Library/Frameworks/CoreAudio.framework/Versions/A/CoreAudio
0x00007ff8112e9000 	/System/Library/Frameworks/DiskArbitration.framework/Versions/A/DiskArbitration
0x00007ff81771e000 	/System/Library/PrivateFrameworks/MultitouchSupport.framework/Versions/A/MultitouchSupport
0x00007ff80e9f4000 	/usr/lib/libenergytrace.dylib
0x00007ff80ce55000 	/System/Library/Frameworks/IOKit.framework/Versions/A/IOKit
0x00007ff81c848000 	/System/Library/Frameworks/CoreServices.framework/Versions/A/CoreServices
0x00007ff812508000 	/System/Library/PrivateFrameworks/PerformanceAnalysis.framework/Versions/A/PerformanceAnalysis
0x00007ffa1ff30000 	/System/Library/Frameworks/OpenGL.framework/Versions/A/OpenGL
0x00007ff8125bb000 	/usr/lib/libxml2.2.dylib
0x00007ff815462000 	/System/Library/PrivateFrameworks/MobileKeyBag.framework/Versions/A/MobileKeyBag
0x00007ff809adc000 	/usr/lib/libobjc.A.dylib
0x00007ff809da2000 	/usr/lib/libc++.1.dylib
0x00007ff80f68c000 	/System/Library/Frameworks/ColorSync.framework/Versions/A/ColorSync
0x00007ff809ead000 	/System/Library/Frameworks/CoreFoundation.framework/Versions/A/CoreFoundation
0x00007ff814433000 	/System/Library/Frameworks/CoreImage.framework/Versions/A/CoreImage
0x00007ff80bbad000 	/System/Library/Frameworks/CoreText.framework/Versions/A/CoreText
0x00007ff8140d0000 	/System/Library/Frameworks/ImageIO.framework/Versions/A/ImageIO
0x00007ff815fdc000 	/System/Library/PrivateFrameworks/SoftLinking.framework/Versions/A/SoftLinking
0x00007ff81625c000 	/usr/lib/libcompression.dylib
0x00007ff817e35000 	/System/Library/PrivateFrameworks/TextureIO.framework/Versions/A/TextureIO
0x00007ff8169a6000 	/usr/lib/libate.dylib
0x00007ff815fd1000 	/usr/lib/system/libcache.dylib
0x00007ff815f8c000 	/usr/lib/system/libcommonCrypto.dylib
0x00007ff815fb5000 	/usr/lib/system/libcompiler_rt.dylib
0x00007ff815fab000 	/usr/lib/system/libcopyfile.dylib
0x00007ff809c0b000 	/usr/lib/system/libcorecrypto.dylib
0x00007ff809ccf000 	/usr/lib/system/libdispatch.dylib
0x00007ff809e57000 	/usr/lib/system/libdyld.dylib
0x00007ff815fc7000 	/usr/lib/system/libkeymgr.dylib
0x00007ff815f6b000 	/usr/lib/system/libmacho.dylib
0x00007ff81554f000 	/usr/lib/system/libquarantine.dylib
0x00007ff815fc5000 	/usr/lib/system/libremovefile.dylib
0x00007ff80ea4e000 	/usr/lib/system/libsystem_asl.dylib
0x00007ff809bad000 	/usr/lib/system/libsystem_blocks.dylib
0x00007ff809d19000 	/usr/lib/system/libsystem_c.dylib
0x00007ff815fbd000 	/usr/lib/system/libsystem_collections.dylib
0x00007ff814847000 	/usr/lib/system/libsystem_configuration.dylib
0x00007ff8138b8000 	/usr/lib/system/libsystem_containermanager.dylib
0x00007ff815c2d000 	/usr/lib/system/libsystem_coreservices.dylib
0x00007ff80cacf000 	/usr/lib/system/libsystem_darwin.dylib
0x00007ff815fc8000 	/usr/lib/system/libsystem_dnssd.dylib
0x00007ff809d16000 	/usr/lib/system/libsystem_featureflags.dylib
0x00007ff809e82000 	/usr/lib/system/libsystem_info.dylib
0x00007ff815eff000 	/usr/lib/system/libsystem_m.dylib
0x00007ff809ca2000 	/usr/lib/system/libsystem_malloc.dylib
0x00007ff80e9dd000 	/usr/lib/system/libsystem_networkextension.dylib
0x00007ff80cf14000 	/usr/lib/system/libsystem_notify.dylib
0x00007ff81484b000 	/usr/lib/system/libsystem_sandbox.dylib
0x00007ff815fc2000 	/usr/lib/system/libsystem_secinit.dylib
0x00007ff809e11000 	/usr/lib/system/libsystem_kernel.dylib
0x00007ff809e78000 	/usr/lib/system/libsystem_platform.dylib
0x00007ff809e4b000 	/usr/lib/system/libsystem_pthread.dylib
0x00007ff81049e000 	/usr/lib/system/libsystem_symptoms.dylib
0x00007ff809bf1000 	/usr/lib/system/libsystem_trace.dylib
0x00007ff815f98000 	/usr/lib/system/libunwind.dylib
0x00007ff809bb1000 	/usr/lib/system/libxpc.dylib
0x00007ff809dfb000 	/usr/lib/libc++abi.dylib
0x00007ff815fa3000 	/usr/lib/liboah.dylib
0x00007ff816737000 	/usr/lib/liblzma.5.dylib
0x00007ff815fd8000 	/usr/lib/libfakelink.dylib
0x00007ff80e637000 	/System/Library/Frameworks/CFNetwork.framework/Versions/A/CFNetwork
0x00007ff816115000 	/usr/lib/libarchive.2.dylib
0x00007ff81a6f0000 	/System/Library/Frameworks/Combine.framework/Versions/A/Combine
0x00007ff81881d000 	/usr/lib/swift/libswiftCore.dylib
0x00007ff90e736000 	/usr/lib/swift/libswiftCoreFoundation.dylib
0x00007ff90c70f000 	/usr/lib/swift/libswiftDarwin.dylib
0x00007ff81e065000 	/usr/lib/swift/libswiftDispatch.dylib
0x00007ff90e752000 	/usr/lib/swift/libswiftIOKit.dylib
0x00007ff820466000 	/usr/lib/swift/libswiftObjectiveC.dylib
0x00007ff90e747000 	/usr/lib/swift/libswiftXPC.dylib
0x00007ffb26ab9000 	/usr/lib/swift/libswift_Concurrency.dylib
0x00007ffb26bf8000 	/usr/lib/swift/libswift_StringProcessing.dylib
0x00007ff82046a000 	/usr/lib/swift/libswiftos.dylib
0x00007ff80cdd6000 	/System/Library/PrivateFrameworks/CoreServicesInternal.framework/Versions/A/CoreServicesInternal
0x00007ff815576000 	/usr/lib/libbsm.0.dylib
0x00007ff815f70000 	/usr/lib/system/libkxld.dylib
0x00007ff81253c000 	/System/Library/Frameworks/CoreServices.framework/Versions/A/Frameworks/FSEvents.framework/Versions/A/FSEvents
0x00007ff80cada000 	/System/Library/Frameworks/CoreServices.framework/Versions/A/Frameworks/CarbonCore.framework/Versions/A/CarbonCore
0x00007ff811252000 	/System/Library/Frameworks/CoreServices.framework/Versions/A/Frameworks/Metadata.framework/Versions/A/Metadata
0x00007ff815c33000 	/System/Library/Frameworks/CoreServices.framework/Versions/A/Frameworks/OSServices.framework/Versions/A/OSServices
0x00007ff81619d000 	/System/Library/Frameworks/CoreServices.framework/Versions/A/Frameworks/SearchKit.framework/Versions/A/SearchKit
0x00007ff810425000 	/System/Library/Frameworks/CoreServices.framework/Versions/A/Frameworks/AE.framework/Versions/A/AE
0x00007ff80a345000 	/System/Library/Frameworks/CoreServices.framework/Versions/A/Frameworks/LaunchServices.framework/Versions/A/LaunchServices
0x00007ff8166e8000 	/System/Library/Frameworks/CoreServices.framework/Versions/A/Frameworks/DictionaryServices.framework/Versions/A/DictionaryServices
0x00007ff812549000 	/System/Library/Frameworks/CoreServices.framework/Versions/A/Frameworks/SharedFileList.framework/Versions/A/SharedFileList
0x00007ff816229000 	/usr/lib/libapple_nghttp2.dylib
0x00007ff80e633000 	/usr/lib/libnetwork.dylib
0x00007ff8100a3000 	/usr/lib/libsqlite3.dylib
0x00007ff8104a6000 	/System/Library/Frameworks/Network.framework/Versions/A/Network
0x00007ffb25aa8000 	/usr/lib/libCoreEntitlements.dylib
0x00007ffb13439000 	/System/Library/PrivateFrameworks/MessageSecurity.framework/Versions/A/MessageSecurity
0x00007ff81008a000 	/System/Library/PrivateFrameworks/ProtocolBuffer.framework/Versions/A/ProtocolBuffer
0x00007ff815c0d000 	/System/Library/PrivateFrameworks/AppleFSCompression.framework/Versions/A/AppleFSCompression
0x00007ff81555e000 	/usr/lib/libcoretls.dylib
0x00007ff816751000 	/usr/lib/libcoretls_cfhelpers.dylib
0x00007ff816256000 	/usr/lib/libpam.2.dylib
0x00007ff8167be000 	/usr/lib/libxar.1.dylib
0x00007ff816d52000 	/usr/lib/libheimdal-asn1.dylib
0x00007ff815fdd000 	/usr/lib/libpcap.A.dylib
0x00007ff810495000 	/usr/lib/libdns_services.dylib
0x00007ff814852000 	/System/Library/PrivateFrameworks/AppleSystemInfo.framework/Versions/A/AppleSystemInfo
0x00007ff81526b000 	/System/Library/PrivateFrameworks/IOMobileFramebuffer.framework/Versions/A/IOMobileFramebuffer
0x00007ff815c1d000 	/usr/lib/libbz2.1.0.dylib
0x00007ff815552000 	/usr/lib/libCheckFix.dylib
0x00007ff80ea65000 	/System/Library/PrivateFrameworks/TCC.framework/Versions/A/TCC
0x00007ff814858000 	/System/Library/PrivateFrameworks/CoreNLP.framework/Versions/A/CoreNLP
0x00007ff811211000 	/System/Library/PrivateFrameworks/MetadataUtilities.framework/Versions/A/MetadataUtilities
0x00007ff815586000 	/usr/lib/libmecab.dylib
0x00007ff80a9cb000 	/usr/lib/libCRFSuite.dylib
0x00007ff8155e0000 	/usr/lib/libgermantok.dylib
0x00007ff816204000 	/usr/lib/libThaiTokenizer.dylib
0x00007ff8112f1000 	/System/Library/Frameworks/Accelerate.framework/Versions/A/Frameworks/vImage.framework/Versions/A/vImage
0x00007ff81c81b000 	/System/Library/Frameworks/Accelerate.framework/Versions/A/Frameworks/vecLib.framework/Versions/A/vecLib
0x00007ff816800000 	/System/Library/Frameworks/Accelerate.framework/Versions/A/Frameworks/vecLib.framework/Versions/A/libvMisc.dylib
0x00007ff815066000 	/System/Library/Frameworks/Accelerate.framework/Versions/A/Frameworks/vecLib.framework/Versions/A/libvDSP.dylib
0x00007ff80a701000 	/System/Library/Frameworks/Accelerate.framework/Versions/A/Frameworks/vecLib.framework/Versions/A/libBLAS.dylib
0x00007ff81633b000 	/System/Library/Frameworks/Accelerate.framework/Versions/A/Frameworks/vecLib.framework/Versions/A/libLAPACK.dylib
0x00007ff8155e3000 	/System/Library/Frameworks/Accelerate.framework/Versions/A/Frameworks/vecLib.framework/Versions/A/libLinearAlgebra.dylib
0x00007ff816241000 	/System/Library/Frameworks/Accelerate.framework/Versions/A/Frameworks/vecLib.framework/Versions/A/libSparseBLAS.dylib
0x00007ff816335000 	/System/Library/Frameworks/Accelerate.framework/Versions/A/Frameworks/vecLib.framework/Versions/A/libQuadrature.dylib
0x00007ff814944000 	/System/Library/Frameworks/Accelerate.framework/Versions/A/Frameworks/vecLib.framework/Versions/A/libBNNS.dylib
0x00007ff80a8d5000 	/System/Library/Frameworks/Accelerate.framework/Versions/A/Frameworks/vecLib.framework/Versions/A/libSparse.dylib
0x00007ffb12738000 	/System/Library/PrivateFrameworks/MIL.framework/Versions/A/MIL
0x00007ff816012000 	/usr/lib/libiconv.2.dylib
0x00007ff815f6a000 	/usr/lib/libcharset.1.dylib
0x00007ff812520000 	/System/Library/Frameworks/OpenDirectory.framework/Versions/A/Frameworks/CFOpenDirectory.framework/Versions/A/CFOpenDirectory
0x00007ff812514000 	/System/Library/Frameworks/OpenDirectory.framework/Versions/A/OpenDirectory
0x00007ff816753000 	/System/Library/PrivateFrameworks/APFS.framework/Versions/A/APFS
0x00007ff815495000 	/System/Library/Frameworks/SecurityFoundation.framework/Versions/A/SecurityFoundation
0x00007ff8167cc000 	/usr/lib/libutil.dylib
0x00007ffb118d6000 	/System/Library/PrivateFrameworks/InstalledContentLibrary.framework/Versions/A/InstalledContentLibrary
0x00007ff80ce19000 	/System/Library/PrivateFrameworks/CoreServicesStore.framework/Versions/A/CoreServicesStore
0x00007ffa28b1b000 	/System/Library/PrivateFrameworks/AppleMobileFileIntegrity.framework/Versions/A/AppleMobileFileIntegrity
0x00007ff90e716000 	/usr/lib/libmis.dylib
0x00007ff91cd07000 	/System/Library/PrivateFrameworks/MobileSystemServices.framework/Versions/A/MobileSystemServices
0x00007ffa16e3c000 	/System/Library/PrivateFrameworks/ConfigProfileHelper.framework/Versions/A/ConfigProfileHelper
0x00007ff816206000 	/System/Library/PrivateFrameworks/AppleSauce.framework/Versions/A/AppleSauce
0x00007ff80b672000 	/System/Library/PrivateFrameworks/LanguageModeling.framework/Versions/A/LanguageModeling
0x00007ff8167d0000 	/usr/lib/libxslt.1.dylib
0x00007ff816104000 	/usr/lib/libcmph.dylib
0x00007ff815259000 	/System/Library/PrivateFrameworks/CoreEmoji.framework/Versions/A/CoreEmoji
0x00007ff81493e000 	/System/Library/PrivateFrameworks/LinguisticData.framework/Versions/A/LinguisticData
0x00007ff80a88b000 	/System/Library/PrivateFrameworks/Lexicon.framework/Versions/A/Lexicon
0x00007ff815523000 	/System/Library/PrivateFrameworks/BackgroundTaskManagement.framework/Versions/A/BackgroundTaskManagement
0x00007ffb25bde000 	/usr/lib/libTLE.dylib
0x00007ffb26b3d000 	/usr/lib/swift/libswift_RegexParser.dylib
0x00007ff8175e8000 	/System/Library/PrivateFrameworks/AppleJPEG.framework/Versions/A/AppleJPEG
0x00007ff816d37000 	/usr/lib/libexpat.1.dylib
0x00007ff817c92000 	/System/Library/Frameworks/ImageIO.framework/Versions/A/Resources/libPng.dylib
0x00007ff817cbf000 	/System/Library/Frameworks/ImageIO.framework/Versions/A/Resources/libTIFF.dylib
0x00007ff817daf000 	/System/Library/Frameworks/ImageIO.framework/Versions/A/Resources/libGIF.dylib
0x00007ff817633000 	/System/Library/Frameworks/ImageIO.framework/Versions/A/Resources/libJP2.dylib
0x00007ff817d4f000 	/System/Library/Frameworks/ImageIO.framework/Versions/A/Resources/libJPEG.dylib
0x00007ff817d46000 	/System/Library/Frameworks/ImageIO.framework/Versions/A/Resources/libRadiance.dylib
0x00007ff813c1a000 	/System/Library/PrivateFrameworks/FontServices.framework/libFontParser.dylib
0x00007ff8103ca000 	/System/Library/PrivateFrameworks/RunningBoardServices.framework/Versions/A/RunningBoardServices
0x00007ff822a55000 	/System/Library/PrivateFrameworks/IOSurfaceAccelerator.framework/Versions/A/IOSurfaceAccelerator
0x00007ff81771a000 	/System/Library/PrivateFrameworks/WatchdogClient.framework/Versions/A/WatchdogClient
0x00007ff80b7d4000 	/System/Library/Frameworks/CoreDisplay.framework/Versions/A/CoreDisplay
0x00007ff813b09000 	/System/Library/Frameworks/CoreMedia.framework/Versions/A/CoreMedia
0x00007ff8138fb000 	/System/Library/PrivateFrameworks/IOAccelerator.framework/Versions/A/IOAccelerator
0x00007ff81269a000 	/System/Library/Frameworks/CoreVideo.framework/Versions/A/CoreVideo
0x00007ff816254000 	/System/Library/Frameworks/MetalPerformanceShaders.framework/Versions/A/MetalPerformanceShaders
0x00007ff817757000 	/System/Library/Frameworks/VideoToolbox.framework/Versions/A/VideoToolbox
0x00007ff81030e000 	/System/Library/PrivateFrameworks/BaseBoard.framework/Versions/A/BaseBoard
0x00007ff817d3f000 	/System/Library/PrivateFrameworks/GPUWrangler.framework/Versions/A/GPUWrangler
0x00007ff817d23000 	/System/Library/PrivateFrameworks/IOPresentment.framework/Versions/A/IOPresentment
0x00007ff817d49000 	/System/Library/PrivateFrameworks/DSExternalDisplay.framework/Versions/A/DSExternalDisplay
0x00007ffb0df6a000 	/System/Library/PrivateFrameworks/GPUCompiler.framework/Versions/31001/Libraries/libllvm-flatbuffers.dylib
0x00007ffa1ff24000 	/System/Library/Frameworks/OpenGL.framework/Versions/A/Libraries/libCoreFSCache.dylib
0x00007ffb0df66000 	/System/Library/PrivateFrameworks/GPUCompiler.framework/Versions/31001/Libraries/libGPUCompilerUtils.dylib
0x00007ff817db5000 	/System/Library/PrivateFrameworks/CMCaptureCore.framework/Versions/A/CMCaptureCore
0x00007ffa2311b000 	/System/Library/Frameworks/ExtensionFoundation.framework/Versions/A/ExtensionFoundation
0x00007ff81e7e1000 	/System/Library/PrivateFrameworks/CoreTime.framework/Versions/A/CoreTime
0x00007ff8172eb000 	/System/Library/PrivateFrameworks/AppServerSupport.framework/Versions/A/AppServerSupport
0x00007ff819670000 	/System/Library/PrivateFrameworks/perfdata.framework/Versions/A/perfdata
0x00007ff80b900000 	/System/Library/PrivateFrameworks/AudioToolboxCore.framework/Versions/A/AudioToolboxCore
0x00007ff813ae3000 	/System/Library/PrivateFrameworks/caulk.framework/Versions/A/caulk
0x00007ff818f3d000 	/usr/lib/libAudioStatistics.dylib
0x00007ff90dbb2000 	/System/Library/PrivateFrameworks/SystemPolicy.framework/Versions/A/SystemPolicy
0x00007ff8191db000 	/usr/lib/libSMC.dylib
0x00007ff8222bd000 	/System/Library/Frameworks/CoreMIDI.framework/Versions/A/CoreMIDI
0x00007ff817c60000 	/usr/lib/libAudioToolboxUtility.dylib
0x00007ff8277e0000 	/System/Library/PrivateFrameworks/OSAServicesClient.framework/Versions/A/OSAServicesClient
0x00007ff81967d000 	/usr/lib/libperfcheck.dylib
0x00007ff816c1b000 	/System/Library/PrivateFrameworks/PlugInKit.framework/Versions/A/PlugInKit
0x00007ff815488000 	/System/Library/PrivateFrameworks/AssertionServices.framework/Versions/A/AssertionServices
0x00007ffa1ff7f000 	/System/Library/Frameworks/OpenGL.framework/Versions/A/Libraries/libGLU.dylib
0x00007ffa1ff43000 	/System/Library/Frameworks/OpenGL.framework/Versions/A/Libraries/libGFXShared.dylib
0x00007ffa2014c000 	/System/Library/Frameworks/OpenGL.framework/Versions/A/Libraries/libGL.dylib
0x00007ffa1ff4c000 	/System/Library/Frameworks/OpenGL.framework/Versions/A/Libraries/libGLImage.dylib
0x00007ffa1ff40000 	/System/Library/Frameworks/OpenGL.framework/Versions/A/Libraries/libCVMSPluginSupport.dylib
0x00007ffb25bbd000 	/usr/lib/libRosetta.dylib
0x00007ffa1ff2b000 	/System/Library/Frameworks/OpenGL.framework/Versions/A/Libraries/libCoreVMClient.dylib
0x00007ff8147cb000 	/System/Library/Frameworks/MetalPerformanceShaders.framework/Versions/A/Frameworks/MPSCore.framework/Versions/A/MPSCore
0x00007ff815b77000 	/System/Library/Frameworks/MetalPerformanceShaders.framework/Versions/A/Frameworks/MPSImage.framework/Versions/A/MPSImage
0x00007ff8155f9000 	/System/Library/Frameworks/MetalPerformanceShaders.framework/Versions/A/Frameworks/MPSNeuralNetwork.framework/Versions/A/MPSNeuralNetwork
0x00007ff815a6c000 	/System/Library/Frameworks/MetalPerformanceShaders.framework/Versions/A/Frameworks/MPSMatrix.framework/Versions/A/MPSMatrix
0x00007ff815827000 	/System/Library/Frameworks/MetalPerformanceShaders.framework/Versions/A/Frameworks/MPSRayIntersector.framework/Versions/A/MPSRayIntersector
0x00007ff815aa6000 	/System/Library/Frameworks/MetalPerformanceShaders.framework/Versions/A/Frameworks/MPSNDArray.framework/Versions/A/MPSNDArray
0x00007ffa24486000 	/System/Library/Frameworks/MetalPerformanceShaders.framework/Versions/A/Frameworks/MPSFunctions.framework/Versions/A/MPSFunctions
0x00007ff80a5c2000 	/System/Library/PrivateFrameworks/MetalTools.framework/Versions/A/MetalTools
0x00007ff814851000 	/System/Library/PrivateFrameworks/AggregateDictionary.framework/Versions/A/AggregateDictionary
0x00007ff816ad6000 	/usr/lib/libIOReport.dylib
0x00007ffa20c13000 	/System/Library/Frameworks/OpenCL.framework/Versions/A/OpenCL
0x00007ff816e7d000 	/System/Library/PrivateFrameworks/GraphVisualizer.framework/Versions/A/GraphVisualizer
0x00007ffb0de6b000 	/System/Library/PrivateFrameworks/FontServices.framework/Versions/A/FontServices
0x00007ff8172a6000 	/System/Library/PrivateFrameworks/OTSVG.framework/Versions/A/OTSVG
0x00007ff812264000 	/System/Library/Frameworks/ApplicationServices.framework/Versions/A/Frameworks/ATS.framework/Versions/A/Resources/libFontRegistry.dylib
0x00007ff8172f5000 	/System/Library/PrivateFrameworks/FontServices.framework/libhvf.dylib
0x00007ffb0de6c000 	/System/Library/PrivateFrameworks/FontServices.framework/libXTFontStaticRegistryData.dylib
0x00007ffb1f09d000 	/System/Library/PrivateFrameworks/VideoToolboxParavirtualizationSupport.framework/Versions/A/VideoToolboxParavirtualizationSupport
0x00007ff816ce7000 	/System/Library/PrivateFrameworks/AppleVA.framework/Versions/A/AppleVA
0x00007ff818f7d000 	/System/Library/Frameworks/ApplicationServices.framework/Versions/A/Frameworks/ATS.framework/Versions/A/ATS
0x00007ff80f77c000 	/System/Library/Frameworks/ApplicationServices.framework/Versions/A/Frameworks/HIServices.framework/Versions/A/HIServices
0x00007ff817dc1000 	/System/Library/Frameworks/ApplicationServices.framework/Versions/A/Frameworks/PrintCore.framework/Versions/A/PrintCore
0x00007ff819330000 	/System/Library/Frameworks/ApplicationServices.framework/Versions/A/Frameworks/QD.framework/Versions/A/QD
0x00007ff819328000 	/System/Library/Frameworks/ApplicationServices.framework/Versions/A/Frameworks/ColorSyncLegacy.framework/Versions/A/ColorSyncLegacy
0x00007ff818f51000 	/System/Library/Frameworks/ApplicationServices.framework/Versions/A/Frameworks/SpeechSynthesis.framework/Versions/A/SpeechSynthesis
0x00007ff817d7f000 	/System/Library/Frameworks/ApplicationServices.framework/Versions/A/Frameworks/ATSUI.framework/Versions/A/ATSUI
0x00007ff8192bb000 	/usr/lib/libcups.2.dylib
0x00007ff81968c000 	/System/Library/Frameworks/Kerberos.framework/Versions/A/Kerberos
0x00007ff81969b000 	/System/Library/Frameworks/GSS.framework/Versions/A/GSS
0x00007ff818feb000 	/usr/lib/libresolv.9.dylib
0x00007ff817306000 	/System/Library/PrivateFrameworks/Heimdal.framework/Versions/A/Heimdal
0x00007ff8203e9000 	/System/Library/Frameworks/Kerberos.framework/Versions/A/Libraries/libHeimdalProxy.dylib
0x00007ff8196e6000 	/System/Library/PrivateFrameworks/CommonAuth.framework/Versions/A/CommonAuth
0x00007ffa223f1000 	/System/Library/Frameworks/AVFAudio.framework/Versions/A/AVFAudio
0x00007ff827829000 	/System/Library/PrivateFrameworks/AXCoreUtilities.framework/Versions/A/AXCoreUtilities
0x00007ff818ecd000 	/System/Library/PrivateFrameworks/AudioSession.framework/Versions/A/AudioSession
0x00007ff81a4c7000 	/System/Library/Frameworks/IOBluetooth.framework/Versions/A/IOBluetooth
0x00007ff816ded000 	/System/Library/PrivateFrameworks/MediaExperience.framework/Versions/A/MediaExperience
0x00007ff818d74000 	/System/Library/PrivateFrameworks/AudioSession.framework/libSessionUtility.dylib
0x00007ff81933c000 	/System/Library/PrivateFrameworks/AudioResourceArbitration.framework/Versions/A/AudioResourceArbitration
0x00007ff81d420000 	/System/Library/PrivateFrameworks/PowerLog.framework/Versions/A/PowerLog
0x00007ff81d362000 	/System/Library/Frameworks/CoreBluetooth.framework/Versions/A/CoreBluetooth
0x00007ff8203ea000 	/System/Library/Frameworks/AudioUnit.framework/Versions/A/AudioUnit
0x00007ff8152f2000 	/System/Library/PrivateFrameworks/CoreUtils.framework/Versions/A/CoreUtils
0x00007ffb0ca1c000 	/System/Library/PrivateFrameworks/CoreUtilsExtras.framework/Versions/A/CoreUtilsExtras
0x00007ffb1176d000 	/System/Library/PrivateFrameworks/IO80211.framework/Versions/A/IO80211
0x00007ff816d5b000 	/System/Library/PrivateFrameworks/IconFoundation.framework/Versions/A/IconFoundation
0x00007ff81c43f000 	/System/Library/PrivateFrameworks/SpeechRecognitionCore.framework/Versions/A/SpeechRecognitionCore
0x000000010b678000 	/Library/Java/JavaVirtualMachines/temurin-11.jdk/Contents/Home/lib/server/libjvm.dylib
0x000000010a91a000 	/Library/Java/JavaVirtualMachines/temurin-11.jdk/Contents/Home/lib/libverify.dylib
0x000000010a93f000 	/Library/Java/JavaVirtualMachines/temurin-11.jdk/Contents/Home/lib/libjava.dylib
0x000000010a83b000 	/Library/Java/JavaVirtualMachines/temurin-11.jdk/Contents/Home/lib/libjimage.dylib
0x000000010a9f3000 	/Library/Java/JavaVirtualMachines/temurin-11.jdk/Contents/Home/lib/libzip.dylib
0x000000010b643000 	/Library/Java/JavaVirtualMachines/temurin-11.jdk/Contents/Home/lib/libnio.dylib
0x000000012d980000 	/Library/Java/JavaVirtualMachines/temurin-11.jdk/Contents/Home/lib/libnet.dylib
0x000000012da38000 	/Library/Java/JavaVirtualMachines/temurin-11.jdk/Contents/Home/lib/libawt.dylib
0x000000012db79000 	/Library/Java/JavaVirtualMachines/temurin-11.jdk/Contents/Home/lib/libmlib_image.dylib
0x00007ffa236d3000 	/System/Library/Frameworks/JavaRuntimeSupport.framework/Versions/A/JavaRuntimeSupport
0x00007ff90d5c9000 	/System/Library/Frameworks/Carbon.framework/Versions/A/Carbon
0x00007ff81e710000 	/System/Library/PrivateFrameworks/CoreSymbolication.framework/Versions/A/CoreSymbolication
0x00007ff823f6d000 	/System/Library/Frameworks/Carbon.framework/Versions/A/Frameworks/CommonPanels.framework/Versions/A/CommonPanels
0x00007ff81fd5f000 	/System/Library/Frameworks/Carbon.framework/Versions/A/Frameworks/Help.framework/Versions/A/Help
0x00007ff823f71000 	/System/Library/Frameworks/Carbon.framework/Versions/A/Frameworks/ImageCapture.framework/Versions/A/ImageCapture
0x00007ff823f41000 	/System/Library/Frameworks/Carbon.framework/Versions/A/Frameworks/OpenScripting.framework/Versions/A/OpenScripting
0x00007ff823f69000 	/System/Library/Frameworks/Carbon.framework/Versions/A/Frameworks/Ink.framework/Versions/A/Ink
0x00007ff90d5c5000 	/System/Library/Frameworks/Carbon.framework/Versions/A/Frameworks/Print.framework/Versions/A/Print
0x00007ff823f65000 	/System/Library/Frameworks/Carbon.framework/Versions/A/Frameworks/SecurityHI.framework/Versions/A/SecurityHI
0x00007ff81e6d5000 	/System/Library/PrivateFrameworks/DebugSymbols.framework/Versions/A/DebugSymbols
0x000000012dd37000 	/Library/Java/JavaVirtualMachines/temurin-11.jdk/Contents/Home/lib/libawt_lwawt.dylib
0x000000012d9e2000 	/Library/Java/JavaVirtualMachines/temurin-11.jdk/Contents/Home/lib/libosxapp.dylib
0x00007ff90c77d000 	/System/Library/Frameworks/ExceptionHandling.framework/Versions/A/ExceptionHandling
0x000000012e0bb000 	/Library/Java/JavaVirtualMachines/temurin-11.jdk/Contents/Home/lib/libfontmanager.dylib
0x000000012df49000 	/Library/Java/JavaVirtualMachines/temurin-11.jdk/Contents/Home/lib/libfreetype.dylib
0x00007ff81da12000 	/System/Library/Frameworks/FileProvider.framework/Versions/A/FileProvider
0x00007ff810279000 	/System/Library/Frameworks/Accounts.framework/Versions/A/Accounts
0x00007ff812729000 	/System/Library/PrivateFrameworks/UserManagement.framework/Versions/A/UserManagement
0x00007ff81db9d000 	/System/Library/PrivateFrameworks/GenerationalStorage.framework/Versions/A/GenerationalStorage
0x00007ff81d415000 	/System/Library/PrivateFrameworks/SymptomDiagnosticReporter.framework/Versions/A/SymptomDiagnosticReporter
0x00007ff80e15f000 	/System/Library/PrivateFrameworks/DesktopServicesPriv.framework/Versions/A/DesktopServicesPriv
0x00007ff80cf23000 	/usr/lib/libsandbox.1.dylib
0x00007ff81931d000 	/System/Library/PrivateFrameworks/NetAuth.framework/Versions/A/NetAuth
0x00007ff81a34a000 	/System/Library/PrivateFrameworks/Sharing.framework/Versions/A/Sharing
0x00007ff8126ef000 	/System/Library/PrivateFrameworks/login.framework/Versions/A/Frameworks/loginsupport.framework/Versions/A/loginsupport
0x00007ff81f90e000 	/System/Library/PrivateFrameworks/Apple80211.framework/Versions/A/Apple80211
0x00007ff815c60000 	/System/Library/PrivateFrameworks/AuthKit.framework/Versions/A/AuthKit
0x00007ff815278000 	/System/Library/Frameworks/CoreWLAN.framework/Versions/A/CoreWLAN
0x00007ff81f912000 	/System/Library/PrivateFrameworks/CoreWiFi.framework/Versions/A/CoreWiFi
0x00007ffa10e30000 	/System/Library/PrivateFrameworks/WiFiPeerToPeer.framework/Versions/A/WiFiPeerToPeer
0x00007ff81e280000 	/System/Library/PrivateFrameworks/FrontBoardServices.framework/Versions/A/FrontBoardServices
0x00007ff81e318000 	/System/Library/PrivateFrameworks/BoardServices.framework/Versions/A/BoardServices
0x00007ff81fa71000 	/System/Library/PrivateFrameworks/BackBoardServices.framework/Versions/A/BackBoardServices
0x00007ff815dce000 	/System/Library/Frameworks/UserNotifications.framework/Versions/A/UserNotifications
0x00007ff8197db000 	/System/Library/PrivateFrameworks/CorePhoneNumbers.framework/Versions/A/CorePhoneNumbers
0x00007ff819018000 	/System/Library/PrivateFrameworks/MultiverseSupport.framework/Versions/A/MultiverseSupport
0x00007ff81fcec000 	/System/Library/PrivateFrameworks/RemoteServiceDiscovery.framework/Versions/A/RemoteServiceDiscovery
0x00007ff81d533000 	/System/Library/PrivateFrameworks/DiskManagement.framework/Versions/A/DiskManagement
0x00007ff81d447000 	/System/Library/PrivateFrameworks/AppleIDAuthSupport.framework/Versions/A/AppleIDAuthSupport
0x00007ffa26f4c000 	/System/Library/PrivateFrameworks/AAAFoundation.framework/Versions/A/AAAFoundation
0x00007ff8197b4000 	/System/Library/PrivateFrameworks/KeychainCircle.framework/Versions/A/KeychainCircle
0x00007ff81fcfc000 	/System/Library/PrivateFrameworks/RemoteXPC.framework/Versions/A/RemoteXPC
0x00007ff81d4ff000 	/System/Library/PrivateFrameworks/MediaKit.framework/Versions/A/MediaKit
0x00007ff81d453000 	/System/Library/Frameworks/DiscRecording.framework/Versions/A/DiscRecording
0x00007ff816c5f000 	/usr/lib/libCoreStorage.dylib
0x00007ff81fd67000 	/usr/lib/libcsfde.dylib
0x00007ff81a598000 	/System/Library/PrivateFrameworks/ProtectedCloudStorage.framework/Versions/A/ProtectedCloudStorage
0x00007ff81fd63000 	/System/Library/PrivateFrameworks/EFILogin.framework/Versions/A/EFILogin
0x00007ff81dbc3000 	/System/Library/PrivateFrameworks/OctagonTrust.framework/Versions/A/OctagonTrust
0x00007ff816c57000 	/usr/lib/libMatch.1.dylib
0x00007ff9163f7000 	/System/Library/CoreServices/RawCamera.bundle/Contents/MacOS/RawCamera
0x00007ff8196f6000 	/System/Library/PrivateFrameworks/MobileAsset.framework/Versions/A/MobileAsset
0x00007ff913d23000 	/System/Library/PrivateFrameworks/SoftwareUpdateCoreSupport.framework/Versions/A/SoftwareUpdateCoreSupport
0x00007ff91a0ae000 	/System/Library/PrivateFrameworks/SoftwareUpdateCoreConnect.framework/Versions/A/SoftwareUpdateCoreConnect
0x00007ff82040e000 	/System/Library/PrivateFrameworks/StreamingZip.framework/Versions/A/StreamingZip
0x00007ff9139a2000 	/System/Library/PrivateFrameworks/MSUDataAccessor.framework/Versions/A/MSUDataAccessor
0x00007ff90ff66000 	/usr/lib/libbootpolicy.dylib
0x00007ff9209d3000 	/usr/lib/libpartition2_dynamic.dylib
0x00007ffa295a9000 	/System/Library/PrivateFrameworks/CMPhoto.framework/Versions/A/CMPhoto
0x00007ff81e5a9000 	/System/Library/PrivateFrameworks/AppleVPA.framework/Versions/A/AppleVPA
0x00007ff817ff8000 	/System/Library/Frameworks/MediaToolbox.framework/Versions/A/MediaToolbox
0x00007ff81d9e2000 	/System/Library/PrivateFrameworks/CoreAVCHD.framework/Versions/A/CoreAVCHD
0x00007ff81cb31000 	/System/Library/Frameworks/MediaAccessibility.framework/Versions/A/MediaAccessibility
0x00007ff81d9de000 	/System/Library/PrivateFrameworks/Mangrove.framework/Versions/A/Mangrove
0x00007ff81d623000 	/System/Library/PrivateFrameworks/CoreAUC.framework/Versions/A/CoreAUC
0x00007ff913386000 	/System/Library/Frameworks/Accelerate.framework/Versions/A/Frameworks/vImage.framework/Versions/A/Libraries/libCGInterfaces.dylib


VM Arguments:
java_command: com.mycompany.copyofrotasystem.LoginScreen
java_class_path (initial): /Users/josephturner/NetBeansProjects/RotaSystem/target/classes:/Users/josephturner/.m2/repository/com/mysql/mysql-connector-j/8.0.32/mysql-connector-j-8.0.32.jar:/Users/josephturner/.m2/repository/com/google/protobuf/protobuf-java/3.21.9/protobuf-java-3.21.9.jar
Launcher Type: SUN_STANDARD

[Global flags]
     intx CICompilerCount                          = 4                                         {product} {ergonomic}
     uint ConcGCThreads                            = 2                                         {product} {ergonomic}
     uint G1ConcRefinementThreads                  = 8                                         {product} {ergonomic}
   size_t G1HeapRegionSize                         = 1048576                                   {product} {ergonomic}
    uintx GCDrainStackTargetSize                   = 64                                        {product} {ergonomic}
   size_t InitialHeapSize                          = 134217728                                 {product} {ergonomic}
   size_t MarkStackSize                            = 4194304                                   {product} {ergonomic}
   size_t MaxHeapSize                              = 2147483648                                {product} {ergonomic}
   size_t MaxNewSize                               = 1287651328                                {product} {ergonomic}
   size_t MinHeapDeltaBytes                        = 1048576                                   {product} {ergonomic}
    uintx NonNMethodCodeHeapSize                   = 5836300                                {pd product} {ergonomic}
    uintx NonProfiledCodeHeapSize                  = 122910970                              {pd product} {ergonomic}
    uintx ProfiledCodeHeapSize                     = 122910970                              {pd product} {ergonomic}
    uintx ReservedCodeCacheSize                    = 251658240                              {pd product} {ergonomic}
     bool SegmentedCodeCache                       = true                                      {product} {ergonomic}
     bool UseCompressedClassPointers               = true                                 {lp64_product} {ergonomic}
     bool UseCompressedOops                        = true                                 {lp64_product} {ergonomic}
     bool UseG1GC                                  = true                                      {product} {ergonomic}

Logging:
Log output configuration:
 #0: stdout all=warning uptime,level,tags
 #1: stderr all=off uptime,level,tags

Environment Variables:
JAVA_HOME=/Library/Java/JavaVirtualMachines/temurin-11.jdk/Contents/Home
PATH=/usr/bin:/bin:/usr/sbin:/sbin
SHELL=/bin/zsh
LC_CTYPE=UTF-8
TMPDIR=/var/folders/_f/vbpd17js44z_k1_ss8rj37dh0000gn/T/

Signal Handlers:
SIGSEGV: [libjvm.dylib+0x7cab9e], sa_mask[0]=11111111111111111111111111111111, sa_flags=SA_ONSTACK|SA_RESTART|SA_SIGINFO
SIGBUS: [libjvm.dylib+0x7cab9e], sa_mask[0]=11111111111111111111111111111111, sa_flags=SA_RESTART|SA_SIGINFO
SIGFPE: [libjvm.dylib+0x7cab9e], sa_mask[0]=11111111111111111111111111111111, sa_flags=SA_RESTART|SA_SIGINFO
SIGPIPE: [libjvm.dylib+0x62f1ee], sa_mask[0]=11111111111111111111111111111111, sa_flags=SA_RESTART|SA_SIGINFO
SIGXFSZ: [libjvm.dylib+0x62f1ee], sa_mask[0]=11111111111111111111111111111111, sa_flags=SA_RESTART|SA_SIGINFO
SIGILL: [libjvm.dylib+0x7cab9e], sa_mask[0]=11111111111111111111111111111111, sa_flags=SA_RESTART|SA_SIGINFO
SIGUSR2: [libjvm.dylib+0x62f7d5], sa_mask[0]=00100000000000000000000000000000, sa_flags=SA_RESTART|SA_SIGINFO
SIGHUP: [libjvm.dylib+0x62e331], sa_mask[0]=11111111111111111111111111111111, sa_flags=SA_RESTART|SA_SIGINFO
SIGINT: SIG_IGN, sa_mask[0]=11111111011111110111111111111111, sa_flags=none
SIGTERM: [libjvm.dylib+0x62e331], sa_mask[0]=11111111111111111111111111111111, sa_flags=SA_RESTART|SA_SIGINFO
SIGQUIT: [libjvm.dylib+0x62e331], sa_mask[0]=11111111111111111111111111111111, sa_flags=SA_RESTART|SA_SIGINFO


---------------  S Y S T E M  ---------------

OS:uname:Darwin 22.2.0 Darwin Kernel Version 22.2.0: Fri Nov 11 02:06:26 PST 2022; root:xnu-8792.61.2~4/RELEASE_ARM64_T8112 x86_64
OS uptime: 14 days 6:59 hours
rlimit (soft/hard): STACK 8176k/65520k , CORE 0k/infinity , NPROC 1333/2000 , NOFILE 10240/infinity , AS infinity/infinity , CPU infinity/infinity , DATA infinity/infinity , FSIZE infinity/infinity , MEMLOCK infinity/infinity , RSS infinity/infinity
load average:5.47 4.15 3.98

CPU:total 8 (initial active 8) (1 cores per cpu, 1 threads per core) family 6 model 44 stepping 0 microcode 0x0, cmov, cx8, fxsr, mmx, sse, sse2, sse3, ssse3, sse4.1, sse4.2, popcnt, aes, clmul, tsc, tscinvbit, tscinv

Memory: 4k page, physical 8388608k(18716k free), swap 7340032k(1321600k free)

vm_info: OpenJDK 64-Bit Server VM (11.0.18+10) for bsd-amd64 JRE (11.0.18+10), built on Jan 18 2023 10:29:27 by "jenkins" with clang 4.2.1 Compatible Apple LLVM 10.0.1 (clang-1001.0.46.4)

END.
